<?xml version="1.0" encoding="UTF-8"?>
<testng-results skipped="0" failed="0" ignored="1" total="2" passed="1">
  <reporter-output>
  </reporter-output>
  <suite name="Suite" duration-ms="105" started-at="2021-12-07T08:56:13 IST" finished-at="2021-12-07T08:56:13 IST">
    <groups>
      <group name="Test1">
        <method signature="Test1.Method1()[pri:0, instance:Resurrection_TestNGCommandLine.Resurrection_TestNGCommandLine.Test1@1d8d30f7]" name="Method1" class="Resurrection_TestNGCommandLine.Resurrection_TestNGCommandLine.Test1"/>
      </group> <!-- Test1 -->
    </groups>
    <test name="Test" duration-ms="105" started-at="2021-12-07T08:56:13 IST" finished-at="2021-12-07T08:56:13 IST">
      <class name="Resurrection_TestNGCommandLine.Resurrection_TestNGCommandLine.Test1">
        <test-method status="PASS" signature="Method1()[pri:0, instance:Resurrection_TestNGCommandLine.Resurrection_TestNGCommandLine.Test1@1d8d30f7]" name="Method1" duration-ms="20" started-at="2021-12-07T08:56:13 IST" finished-at="2021-12-07T08:56:13 IST">
          <reporter-output>
          </reporter-output>
        </test-method> <!-- Method1 -->
      </class> <!-- Resurrection_TestNGCommandLine.Resurrection_TestNGCommandLine.Test1 -->
    </test> <!-- Test -->
  </suite> <!-- Suite -->
</testng-results>
