<?xml version="1.0" encoding="UTF-8"?>
<!-- Generated by org.testng.reporters.JUnitXMLReporter -->
<testsuite hostname="LAPTOP-2CUQSPR5" ignored="1" name="Test" tests="1" failures="0" timestamp="2021-12-07T08:56:13 IST" time="0.105" errors="0">
  <testcase name="Method1" time="0.02" classname="Resurrection_TestNGCommandLine.Resurrection_TestNGCommandLine.Test1"/>
  <testcase name="MEthod2" time="0.0" classname="Resurrection_TestNGCommandLine.Resurrection_TestNGCommandLine.Test2">
    <ignored/>
  </testcase> <!-- MEthod2 -->
</testsuite> <!-- Test -->
